<?xml version="1.0" encoding="UTF-8"?>
<testsuite name="wheel.TestWheelManager" tests="7" skipped="0" failures="0" errors="0" timestamp="2021-11-16T09:10:41" hostname="J-LAP" time="0.05">
  <properties/>
  <testcase name="saveACustomWheel()" classname="wheel.TestWheelManager" time="0.024"/>
  <testcase name="savedWheelHas3Properties()" classname="wheel.TestWheelManager" time="0.002"/>
  <testcase name="extractDesignNameFromTheDesignRecord()" classname="wheel.TestWheelManager" time="0.003"/>
  <testcase name="loadAnotherCustomWheel()" classname="wheel.TestWheelManager" time="0.003"/>
  <testcase name="loadACustomWheel()" classname="wheel.TestWheelManager" time="0.002"/>
  <testcase name="loadAPresetRule()" classname="wheel.TestWheelManager" time="0.002"/>
  <testcase name="extractDesignPropertyFromDesignRecord()" classname="wheel.TestWheelManager" time="0.002"/>
  <system-out><![CDATA[]]></system-out>
  <system-err><![CDATA[]]></system-err>
</testsuite>
