<?xml version="1.0" encoding="UTF-8"?>
<testsuite name="wheel.TestSpokes" tests="9" skipped="0" failures="0" errors="0" timestamp="2021-11-16T09:10:41" hostname="J-LAP" time="0.069">
  <properties/>
  <testcase name="addASpokeToTheNumberOfSpokes()" classname="wheel.TestSpokes" time="0.005"/>
  <testcase name="cannotRemoveASpokeIfThereAreOnlyEight()" classname="wheel.TestSpokes" time="0.006"/>
  <testcase name="RemoveASpokeFromTheNumberOfSpokes()" classname="wheel.TestSpokes" time="0.005"/>
  <testcase name="lengthOfSpokesAreCorrectedUponCreation()" classname="wheel.TestSpokes" time="0.004"/>
  <testcase name="theSpokesLengthsAdjustWhenWheelDiameterChanges()" classname="wheel.TestSpokes" time="0.006"/>
  <testcase name="theSpokesLengthAdjustsWhenHubDiameterChanges()" classname="wheel.TestSpokes" time="0.005"/>
  <testcase name="cannotAddASpokeIfAllSpokesCannotBeSpaced()" classname="wheel.TestSpokes" time="0.004"/>
  <testcase name="propagateExceptionWhenNumberOfSpokesCantBeChanged()" classname="wheel.TestSpokes" time="0.007"/>
  <testcase name="theWheelCreatedByWheelRulesHas8Spokes()" classname="wheel.TestSpokes" time="0.003"/>
  <system-out><![CDATA[]]></system-out>
  <system-err><![CDATA[]]></system-err>
</testsuite>
